2016-10-30 21:07:59,317 [Worker-0] DEBUG class java.lang.Class - Starting Andmore Common Plugin...
2016-10-30 21:07:59,318 [Worker-0] DEBUG class java.lang.Class - Andmore Common Plugin started.
2016-10-30 21:07:59,318 [Worker-0] DEBUG class java.lang.Class - Starting Andmore Plugin...
2016-10-30 21:07:59,320 [Worker-0] DEBUG class java.lang.Class - Andmore Plugin started.
2016-10-30 21:07:59,374 [Worker-0] DEBUG class java.lang.Class - Starting Andmore Emulator Plugin...
2016-10-30 21:07:59,424 [Worker-0] DEBUG class java.lang.Class - Andmore Emulator Plugin started.
2016-10-30 21:07:59,602 [Worker-0] DEBUG class java.lang.Class - Starting Andmore Device Services Plugin...
2016-10-30 21:07:59,604 [Worker-0] DEBUG class java.lang.Class - Andmore Device Services Plugin started.
2016-10-30 21:07:59,636 [Worker-0] DEBUG class java.lang.Class - Starting Andmore Handset Plugin...
2016-10-30 21:07:59,641 [Worker-0] DEBUG class java.lang.Class - Andmore Handset Plugin started.
2016-10-30 21:07:59,647 [Worker-0] DEBUG class java.lang.Class - Starting Andmore Remote Device Plugin...
2016-10-30 21:07:59,649 [Worker-0] DEBUG class java.lang.Class - Starting Andmore Remote Device Plugin started.
2016-10-30 21:07:59,664 [Worker-0] INFO  Studio for Android - [Status: id=org.eclipse.andmore.android.emulator.status.offline;name=Offline]
2016-10-30 21:07:59,664 [Worker-0] INFO  Studio for Android - [Status: id=org.eclipse.andmore.android.handset.status.handsetonline;name=Online]
2016-10-30 21:07:59,664 [Worker-0] INFO  Studio for Android - [Status: id=INACTIVE;name=INACTIVE]
2016-10-30 21:07:59,664 [Worker-0] INFO  Studio for Android - [Status: id=org.eclipse.andmore.android.emulator.status.notavailable;name=Not available]
2016-10-30 21:07:59,664 [Worker-0] INFO  Studio for Android - [Status: id=IDLE;name=IDLE]
2016-10-30 21:07:59,664 [Worker-0] INFO  Studio for Android - [Status: id=org.eclipse.andmore.android.remote.status.connected;name=Connected]
2016-10-30 21:07:59,664 [Worker-0] INFO  Studio for Android - [Status: id=org.eclipse.andmore.android.remote.status.disconnected;name=Disconnected]
2016-10-30 21:07:59,664 [Worker-0] INFO  Studio for Android - [Status: id=org.eclipse.andmore.android.emulator.status.online;name=Online]
2016-10-30 21:07:59,664 [Worker-0] INFO  Studio for Android - [Status: id=OFF;name=OFF]
2016-10-30 21:07:59,664 [Worker-0] INFO  Studio for Android - [Status: id=org.eclipse.andmore.android.emulator.status.offlineNoData;name=Offline (no user data)]
2016-10-30 21:10:51,274 [main] DEBUG class java.lang.Class - Starting Eclipse Andmore Database Core Plugin...
2016-10-30 21:10:51,318 [main] DEBUG Studio for Android - JDBC Driver Location:bundleentry://476.fwk475816303/res/androidjdbc.jar JDBC Driver getBundle().getLocation():reference:file:plugins/org.eclipse.andmore.android.common_0.5.0.201511231751.jar
2016-10-30 21:10:51,328 [main] DEBUG Studio for Android - JDBC Driver Path:/home/oliver/Documents/eclipse/configuration/org.eclipse.osgi/476/0/.cp/res/androidjdbc.jar
2016-10-30 21:10:51,328 [main] DEBUG Studio for Android - JDBC Driver Location:bundleentry://476.fwk475816303/res/androidjdbc.jar JDBC Driver getBundle().getLocation():reference:file:plugins/org.eclipse.andmore.android.common_0.5.0.201511231751.jar
2016-10-30 21:10:51,328 [main] DEBUG Studio for Android - JDBC Driver Path:/home/oliver/Documents/eclipse/configuration/org.eclipse.osgi/476/0/.cp/res/androidjdbc.jar
2016-10-30 21:10:51,342 [main] INFO  Studio for Android - Created a JDBC driver instance at Data Tools.
2016-10-30 21:10:51,350 [main] DEBUG class java.lang.Class - Eclipse Andmore Database Core Plugin started.
2016-10-30 21:10:51,351 [main] DEBUG class java.lang.Class - Starting Eclipse Andmore Database Devices Support Plugin...
2016-10-30 21:10:51,354 [main] DEBUG class java.lang.Class - Eclipse Andmore Database Devices Support Plugin started...
2016-10-30 21:10:52,367 [Framework stop] DEBUG Studio for Android - org.eclipse.sequoyah.device.service.start.StartServicePlugin-SHUTDOWN
2016-10-30 21:10:52,379 [Framework stop] DEBUG Studio for Android - org.eclipse.sequoyah.device.framework.ui.DeviceUIPlugin-SHUTDOWN
2016-10-30 21:10:52,379 [Framework stop] DEBUG Studio for Android - org.eclipse.sequoyah.device.service.stop.StopServicePlugin-SHUTDOWN
2016-10-30 21:10:52,379 [Framework stop] DEBUG Studio for Android - org.eclipse.sequoyah.device.framework.DevicePlugin-SHUTDOWN
2016-10-30 21:11:11,520 [Worker-2] DEBUG class java.lang.Class - Starting Andmore Common Plugin...
2016-10-30 21:11:11,520 [Worker-2] DEBUG class java.lang.Class - Andmore Common Plugin started.
2016-10-30 21:11:11,521 [Worker-2] DEBUG class java.lang.Class - Starting Andmore Plugin...
2016-10-30 21:11:11,525 [Worker-2] DEBUG class java.lang.Class - Andmore Plugin started.
2016-10-30 21:11:11,547 [Worker-2] DEBUG class java.lang.Class - Starting Andmore Emulator Plugin...
2016-10-30 21:11:11,577 [Worker-2] DEBUG class java.lang.Class - Andmore Emulator Plugin started.
2016-10-30 21:11:11,612 [Worker-2] DEBUG class java.lang.Class - Starting Andmore Device Services Plugin...
2016-10-30 21:11:11,613 [Worker-2] DEBUG class java.lang.Class - Andmore Device Services Plugin started.
2016-10-30 21:11:11,631 [Worker-2] DEBUG class java.lang.Class - Starting Andmore Handset Plugin...
2016-10-30 21:11:11,631 [Worker-2] DEBUG class java.lang.Class - Andmore Handset Plugin started.
2016-10-30 21:11:11,639 [Worker-2] DEBUG class java.lang.Class - Starting Andmore Remote Device Plugin...
2016-10-30 21:11:11,642 [Worker-2] DEBUG class java.lang.Class - Starting Andmore Remote Device Plugin started.
2016-10-30 21:11:11,665 [Worker-2] INFO  Studio for Android - [Status: id=org.eclipse.andmore.android.emulator.status.offline;name=Offline]
2016-10-30 21:11:11,666 [Worker-2] INFO  Studio for Android - [Status: id=org.eclipse.andmore.android.handset.status.handsetonline;name=Online]
2016-10-30 21:11:11,666 [Worker-2] INFO  Studio for Android - [Status: id=INACTIVE;name=INACTIVE]
2016-10-30 21:11:11,666 [Worker-2] INFO  Studio for Android - [Status: id=org.eclipse.andmore.android.emulator.status.notavailable;name=Not available]
2016-10-30 21:11:11,666 [Worker-2] INFO  Studio for Android - [Status: id=IDLE;name=IDLE]
2016-10-30 21:11:11,666 [Worker-2] INFO  Studio for Android - [Status: id=org.eclipse.andmore.android.remote.status.connected;name=Connected]
2016-10-30 21:11:11,666 [Worker-2] INFO  Studio for Android - [Status: id=org.eclipse.andmore.android.remote.status.disconnected;name=Disconnected]
2016-10-30 21:11:11,666 [Worker-2] INFO  Studio for Android - [Status: id=org.eclipse.andmore.android.emulator.status.online;name=Online]
2016-10-30 21:11:11,666 [Worker-2] INFO  Studio for Android - [Status: id=OFF;name=OFF]
2016-10-30 21:11:11,666 [Worker-2] INFO  Studio for Android - [Status: id=org.eclipse.andmore.android.emulator.status.offlineNoData;name=Offline (no user data)]
2016-10-30 21:11:12,663 [Worker-3] DEBUG class org.eclipse.andmore.android.AndroidPlugin - Notify SDK loader listeners
2016-10-30 21:14:38,202 [Worker-1] DEBUG class java.lang.Class - Starting Andmore Common Plugin...
2016-10-30 21:14:38,203 [Worker-1] DEBUG class java.lang.Class - Andmore Common Plugin started.
2016-10-30 21:14:38,203 [Worker-1] DEBUG class java.lang.Class - Starting Andmore Plugin...
2016-10-30 21:14:38,205 [Worker-1] DEBUG class java.lang.Class - Andmore Plugin started.
2016-10-30 21:14:38,228 [Worker-1] DEBUG class java.lang.Class - Starting Andmore Emulator Plugin...
2016-10-30 21:14:38,251 [Worker-1] DEBUG class java.lang.Class - Andmore Emulator Plugin started.
2016-10-30 21:14:38,286 [Worker-1] DEBUG class java.lang.Class - Starting Andmore Device Services Plugin...
2016-10-30 21:14:38,286 [Worker-1] DEBUG class java.lang.Class - Andmore Device Services Plugin started.
2016-10-30 21:14:38,296 [Worker-1] DEBUG class java.lang.Class - Starting Andmore Handset Plugin...
2016-10-30 21:14:38,298 [Worker-1] DEBUG class java.lang.Class - Andmore Handset Plugin started.
2016-10-30 21:14:38,307 [Worker-1] DEBUG class java.lang.Class - Starting Andmore Remote Device Plugin...
2016-10-30 21:14:38,308 [Worker-1] DEBUG class java.lang.Class - Starting Andmore Remote Device Plugin started.
2016-10-30 21:14:38,321 [Worker-1] INFO  Studio for Android - [Status: id=org.eclipse.andmore.android.emulator.status.offline;name=Offline]
2016-10-30 21:14:38,321 [Worker-1] INFO  Studio for Android - [Status: id=org.eclipse.andmore.android.handset.status.handsetonline;name=Online]
2016-10-30 21:14:38,321 [Worker-1] INFO  Studio for Android - [Status: id=INACTIVE;name=INACTIVE]
2016-10-30 21:14:38,321 [Worker-1] INFO  Studio for Android - [Status: id=org.eclipse.andmore.android.emulator.status.notavailable;name=Not available]
2016-10-30 21:14:38,321 [Worker-1] INFO  Studio for Android - [Status: id=IDLE;name=IDLE]
2016-10-30 21:14:38,321 [Worker-1] INFO  Studio for Android - [Status: id=org.eclipse.andmore.android.remote.status.connected;name=Connected]
2016-10-30 21:14:38,321 [Worker-1] INFO  Studio for Android - [Status: id=org.eclipse.andmore.android.remote.status.disconnected;name=Disconnected]
2016-10-30 21:14:38,321 [Worker-1] INFO  Studio for Android - [Status: id=org.eclipse.andmore.android.emulator.status.online;name=Online]
2016-10-30 21:14:38,321 [Worker-1] INFO  Studio for Android - [Status: id=OFF;name=OFF]
2016-10-30 21:14:38,322 [Worker-1] INFO  Studio for Android - [Status: id=org.eclipse.andmore.android.emulator.status.offlineNoData;name=Offline (no user data)]
2016-10-30 21:14:39,206 [Worker-3] DEBUG class org.eclipse.andmore.android.AndroidPlugin - Notify SDK loader listeners
2016-10-30 21:17:00,846 [Worker-2] DEBUG class java.lang.Class - Starting Andmore Common Plugin...
2016-10-30 21:17:00,846 [Worker-2] DEBUG class java.lang.Class - Andmore Common Plugin started.
2016-10-30 21:17:00,846 [Worker-2] DEBUG class java.lang.Class - Starting Andmore Plugin...
2016-10-30 21:17:00,849 [Worker-2] DEBUG class java.lang.Class - Andmore Plugin started.
2016-10-30 21:17:00,879 [Worker-2] DEBUG class java.lang.Class - Starting Andmore Emulator Plugin...
2016-10-30 21:17:00,905 [Worker-2] DEBUG class java.lang.Class - Andmore Emulator Plugin started.
2016-10-30 21:17:00,970 [Worker-2] DEBUG class java.lang.Class - Starting Andmore Device Services Plugin...
2016-10-30 21:17:00,973 [Worker-2] DEBUG class java.lang.Class - Andmore Device Services Plugin started.
2016-10-30 21:17:00,996 [Worker-2] DEBUG class java.lang.Class - Starting Andmore Handset Plugin...
2016-10-30 21:17:01,008 [Worker-2] DEBUG class java.lang.Class - Andmore Handset Plugin started.
2016-10-30 21:17:01,018 [Worker-2] DEBUG class java.lang.Class - Starting Andmore Remote Device Plugin...
2016-10-30 21:17:01,019 [Worker-2] DEBUG class java.lang.Class - Starting Andmore Remote Device Plugin started.
2016-10-30 21:17:01,052 [Worker-2] INFO  Studio for Android - [Status: id=org.eclipse.andmore.android.emulator.status.offline;name=Offline]
2016-10-30 21:17:01,052 [Worker-2] INFO  Studio for Android - [Status: id=org.eclipse.andmore.android.handset.status.handsetonline;name=Online]
2016-10-30 21:17:01,052 [Worker-2] INFO  Studio for Android - [Status: id=INACTIVE;name=INACTIVE]
2016-10-30 21:17:01,052 [Worker-2] INFO  Studio for Android - [Status: id=org.eclipse.andmore.android.emulator.status.notavailable;name=Not available]
2016-10-30 21:17:01,052 [Worker-2] INFO  Studio for Android - [Status: id=IDLE;name=IDLE]
2016-10-30 21:17:01,052 [Worker-2] INFO  Studio for Android - [Status: id=org.eclipse.andmore.android.remote.status.connected;name=Connected]
2016-10-30 21:17:01,052 [Worker-2] INFO  Studio for Android - [Status: id=org.eclipse.andmore.android.remote.status.disconnected;name=Disconnected]
2016-10-30 21:17:01,052 [Worker-2] INFO  Studio for Android - [Status: id=org.eclipse.andmore.android.emulator.status.online;name=Online]
2016-10-30 21:17:01,052 [Worker-2] INFO  Studio for Android - [Status: id=OFF;name=OFF]
2016-10-30 21:17:01,052 [Worker-2] INFO  Studio for Android - [Status: id=org.eclipse.andmore.android.emulator.status.offlineNoData;name=Offline (no user data)]
2016-10-30 21:17:01,784 [Worker-2] DEBUG class org.eclipse.andmore.android.AndroidPlugin - Notify SDK loader listeners
2016-10-30 21:18:08,808 [Worker-2] ERROR class org.eclipse.andmore.android.AndroidPlugin - Error while handling SDK loader procedure.
java.lang.NullPointerException
	at org.eclipse.andmore.android.common.preferences.DialogWithToggleUtils.showQuestion(DialogWithToggleUtils.java:98)
	at org.eclipse.andmore.android.emulator.device.CreateAVDOnStartupListener$1.run(CreateAVDOnStartupListener.java:45)
	at org.eclipse.andmore.android.AndroidPlugin$2.done(AndroidPlugin.java:180)
	at org.eclipse.core.internal.jobs.JobListeners$3.notify(JobListeners.java:42)
	at org.eclipse.core.internal.jobs.JobListeners.doNotify(JobListeners.java:102)
	at org.eclipse.core.internal.jobs.JobListeners.done(JobListeners.java:151)
	at org.eclipse.core.internal.jobs.JobManager.endJob(JobManager.java:694)
	at org.eclipse.core.internal.jobs.WorkerPool.endJob(WorkerPool.java:105)
	at org.eclipse.core.internal.jobs.Worker.run(Worker.java:72)
2016-10-30 21:18:09,119 [main] DEBUG class java.lang.Class - Starting Eclipse Andmore Database Core Plugin...
2016-10-30 21:18:09,173 [main] DEBUG Studio for Android - JDBC Driver Location:bundleentry://476.fwk475816303/res/androidjdbc.jar JDBC Driver getBundle().getLocation():reference:file:plugins/org.eclipse.andmore.android.common_0.5.0.201511231751.jar
2016-10-30 21:18:09,174 [main] DEBUG Studio for Android - JDBC Driver Path:/home/oliver/Documents/eclipse/configuration/org.eclipse.osgi/476/0/.cp/res/androidjdbc.jar
2016-10-30 21:18:09,174 [main] DEBUG Studio for Android - JDBC Driver Location:bundleentry://476.fwk475816303/res/androidjdbc.jar JDBC Driver getBundle().getLocation():reference:file:plugins/org.eclipse.andmore.android.common_0.5.0.201511231751.jar
2016-10-30 21:18:09,175 [main] DEBUG Studio for Android - JDBC Driver Path:/home/oliver/Documents/eclipse/configuration/org.eclipse.osgi/476/0/.cp/res/androidjdbc.jar
2016-10-30 21:18:09,184 [main] DEBUG class java.lang.Class - Eclipse Andmore Database Core Plugin started.
2016-10-30 21:18:09,188 [main] DEBUG class java.lang.Class - Starting Eclipse Andmore Database Devices Support Plugin...
2016-10-30 21:18:09,190 [main] DEBUG class java.lang.Class - Eclipse Andmore Database Devices Support Plugin started...
2016-10-30 21:18:10,163 [Framework stop] DEBUG Studio for Android - org.eclipse.sequoyah.device.service.start.StartServicePlugin-SHUTDOWN
2016-10-30 21:18:10,472 [Framework stop] DEBUG Studio for Android - org.eclipse.sequoyah.device.framework.ui.DeviceUIPlugin-SHUTDOWN
2016-10-30 21:18:10,473 [Framework stop] DEBUG Studio for Android - org.eclipse.sequoyah.device.service.stop.StopServicePlugin-SHUTDOWN
2016-10-30 21:18:10,473 [Framework stop] DEBUG Studio for Android - org.eclipse.sequoyah.device.framework.DevicePlugin-SHUTDOWN
